<?xml version="1.0" encoding="UTF-8"?>
<testsuites name="GutTests" failures="0" tests="11" >
  <testsuite name="test/unit/test_colony_placement_preview.gd" tests="11" failures="0" skipped="0" time="0.174473" >
      <testcase name="test_new_preview_has_no_colony" assertions="4" status="pass" classname="test/unit/test_colony_placement_preview.gd" time="0.000277" >
      </testcase>
      <testcase name="test_set_preview_sets_colony_and_tile" assertions="3" status="pass" classname="test/unit/test_colony_placement_preview.gd" time="0.01229" >
      </testcase>
      <testcase name="test_clear_preview_resets_state" assertions="4" status="pass" classname="test/unit/test_colony_placement_preview.gd" time="0.000719" >
      </testcase>
      <testcase name="test_get_colony_returns_colony" assertions="1" status="pass" classname="test/unit/test_colony_placement_preview.gd" time="0.000225" >
      </testcase>
      <testcase name="test_get_colony_returns_null_when_no_preview" assertions="1" status="pass" classname="test/unit/test_colony_placement_preview.gd" time="0.000105" >
      </testcase>
      <testcase name="test_set_preview_with_no_world_map_handles_gracefully" assertions="1" status="pass" classname="test/unit/test_colony_placement_preview.gd" time="0.042034" >
      </testcase>
      <testcase name="test_set_preview_with_zero_tile_clears_preview_tiles" assertions="1" status="pass" classname="test/unit/test_colony_placement_preview.gd" time="0.000893" >
      </testcase>
      <testcase name="test_multiple_set_preview_calls_update_state" assertions="3" status="pass" classname="test/unit/test_colony_placement_preview.gd" time="0.051168" >
      </testcase>
      <testcase name="test_has_preview_reflects_current_state" assertions="3" status="pass" classname="test/unit/test_colony_placement_preview.gd" time="0.000213" >
      </testcase>
      <testcase name="test_set_preview_with_null_colony_handles_gracefully" assertions="2" status="pass" classname="test/unit/test_colony_placement_preview.gd" time="0.033297" >
      </testcase>
      <testcase name="test_clear_preview_when_already_clear_is_safe" assertions="2" status="pass" classname="test/unit/test_colony_placement_preview.gd" time="0.033252" >
      </testcase>
      </testsuite>
  </testsuites>